2021-06-18 21:38:16,311 [INFO] from akka.event.slf4j.Slf4jLogger in application-akka.actor.default-dispatcher-4 - Slf4jLogger started
2021-06-18 21:38:16,459 [INFO] from services.ApplicationTimer in play-dev-mode-akka.actor.default-dispatcher-4 - ApplicationTimer demo: Starting application at 2021-06-18T18:38:16.458Z.
2021-06-18 21:38:16,497 [INFO] from play.api.http.EnabledFilters in play-dev-mode-akka.actor.default-dispatcher-4 - Enabled Filters (see <https://www.playframework.com/documentation/latest/Filters>):

    play.filters.csrf.CSRFFilter
    play.filters.headers.SecurityHeadersFilter
    play.filters.hosts.AllowedHostsFilter

2021-06-18 21:38:16,620 [INFO] from play.api.Play in play-dev-mode-akka.actor.default-dispatcher-4 - Application started (Dev) (no global state)
2021-06-18 21:38:16,790 [INFO] from controllers.UsersController in application-akka.actor.default-dispatcher-5 - am logat bai baiatule
2021-06-18 21:38:16,790 [INFO] from controllers.UsersController in application-akka.actor.default-dispatcher-4 - am logat bai baiatule
2021-06-18 21:38:16,806 [INFO] from com.zaxxer.hikari.HikariDataSource in application-akka.actor.default-dispatcher-4 - db - Starting...
2021-06-18 21:38:16,814 [WARN] from com.zaxxer.hikari.util.DriverDataSource in application-akka.actor.default-dispatcher-4 - Registered driver with driverClassName=com.mysql.jdbc.Driver was not found, trying direct instantiation.
2021-06-18 21:38:16,830 [INFO] from com.zaxxer.hikari.HikariDataSource in application-akka.actor.default-dispatcher-4 - db - Start completed.
2021-06-18 21:38:17,350 [INFO] from controllers.UsersController in application-akka.actor.default-dispatcher-4 - am logat bai baiatule
2021-06-18 21:38:17,535 [INFO] from controllers.UsersController in application-akka.actor.default-dispatcher-4 - am logat bai baiatule
2021-06-18 21:38:17,777 [INFO] from controllers.UsersController in application-akka.actor.default-dispatcher-4 - am logat bai baiatule
2021-06-18 21:38:17,986 [INFO] from controllers.UsersController in application-akka.actor.default-dispatcher-4 - am logat bai baiatule
2021-06-18 21:38:18,182 [INFO] from controllers.UsersController in application-akka.actor.default-dispatcher-4 - am logat bai baiatule
2021-06-18 21:38:18,378 [INFO] from controllers.UsersController in application-akka.actor.default-dispatcher-4 - am logat bai baiatule
2021-06-18 21:38:18,556 [INFO] from controllers.UsersController in application-akka.actor.default-dispatcher-4 - am logat bai baiatule
2021-06-18 21:38:18,713 [INFO] from controllers.UsersController in application-akka.actor.default-dispatcher-4 - am logat bai baiatule
